
ASEM-51 V1.3                                         Copyright (c) 2002 by W.W. Heinz                                         PAGE 1





       MCS-51 Family Macro Assembler   A S E M - 5 1   V 1.3
       =====================================================



	Source File:	Z:\Pulpit\sw\lab51.asm
	Object File:	Z:\Pulpit\sw\lab51.hex
	List File:	Z:\Pulpit\sw\lab51.lst



 Line  I  Addr  Code            Source

    1:		N      0000		ORG 	0
    2:	  0000	80 62				JMP 	100
    3:
    4:		N      0064			ORG 	100
    5:
    6:		N      004C	CZAS_MSB	EQU	4CH
    7:		N      0000	CZAS_LSB	EQU	0
    8:	  0064	75 A0 00	MOV		P2,#0
    9:
   10:	  0067			PETLA:
   11:	  0067	12 00 73			call	delay_on
   12:	  006A	D2 A7				SETB	P2.7
   13:	  006C	12 00 8A			call	delay_off
   14:	  006F	C2 A7				CLR	P2.7
   15:	  0071	80 F4				SJMP	PETLA
   16:
   17:
   18:	  0073			delay_on:
   19:	  0073	7A 02				MOV	R2,#2
   20:	  0075	75 89 01			MOV	TMOD,#00000001B
   21:	  0078	D2 8C				SETB	TR0
   22:	  007A			i:
   23:	  007A	75 8C 4C			MOV	TH0,#CZAS_MSB
   24:	  007D	75 8A 00			MOV	TL0,#CZAS_LSB
   25:	  0080	30 8D FD			JNB	TF0,$
   26:	  0083	C2 8D				CLR	TF0
   27:	  0085	DA F3				DJNZ	R2,i
   28:	  0087	C2 8C				CLR	TR0
   29:	  0089	22				ret
   30:
   31:	  008A			delay_off:
   32:	  008A	7A 12				MOV	R2,#18
   33:	  008C	75 89 01			MOV	TMOD,#00000001B
   34:	  008F	D2 8C				SETB	TR0
   35:	  0091			ii:
   36:	  0091	75 8C 4C			MOV	TH0,#CZAS_MSB
   37:	  0094	75 8A 00			MOV	TL0,#CZAS_LSB
   38:	  0097	30 8D FD			JNB	TF0,$
   39:	  009A	C2 8D				CLR	TF0
   40:	  009C	DA F3				DJNZ	R2,ii
   41:	  009E	C2 8C				CLR	TR0
   42:	  00A0	22				ret
   43:

ASEM-51 V1.3                                         Copyright (c) 2002 by W.W. Heinz                                         PAGE 2



 Line  I  Addr  Code            Source

   44:
   45:						END





                     register banks used:  ---

                     no errors




ASEM-51 V1.3                                         Copyright (c) 2002 by W.W. Heinz                                         PAGE 3





	       L I S T   O F   S Y M B O L S
	       =============================


SYMBOL				  TYPE     VALUE	LINE
------------------------------------------------------------
??ASEM_51			  NUMBER    8051
??VERSION			  NUMBER    0130
AC				  BIT	      D6
ACC				  DATA	      E0
B				  DATA	      F0
CY				  BIT	      D7
CZAS_LSB			  NUMBER    0000	   7
CZAS_MSB			  NUMBER    004C	   6
DELAY_OFF			  CODE	    008A	  31
DELAY_ON			  CODE	    0073	  18
DPH				  DATA	      83
DPL				  DATA	      82
EA				  BIT	      AF
ES				  BIT	      AC
ET0				  BIT	      A9
ET1				  BIT	      AB
EX0				  BIT	      A8
EX1				  BIT	      AA
EXTI0				  CODE	    0003
EXTI1				  CODE	    0013
F0				  BIT	      D5
I				  CODE	    007A	  22
IE				  DATA	      A8
IE0				  BIT	      89
IE1				  BIT	      8B
II				  CODE	    0091	  35
INT0				  BIT	      B2
INT1				  BIT	      B3
IP				  DATA	      B8
IT0				  BIT	      88
IT1				  BIT	      8A
OV				  BIT	      D2
P				  BIT	      D0
P0				  DATA	      80
P1				  DATA	      90
P2				  DATA	      A0
P3				  DATA	      B0
PCON				  DATA	      87
PETLA				  CODE	    0067	  10
PS				  BIT	      BC
PSW				  DATA	      D0
PT0				  BIT	      B9
PT1				  BIT	      BB
PX0				  BIT	      B8
PX1				  BIT	      BA
RB8				  BIT	      9A
RD				  BIT	      B7
REN				  BIT	      9C
RESET				  CODE	    0000
RI				  BIT	      98

ASEM-51 V1.3                                         Copyright (c) 2002 by W.W. Heinz                                         PAGE 4



SYMBOL				  TYPE     VALUE	LINE
------------------------------------------------------------
RS0				  BIT	      D3
RS1				  BIT	      D4
RXD				  BIT	      B0
SBUF				  DATA	      99
SCON				  DATA	      98
SINT				  CODE	    0023
SM0				  BIT	      9F
SM1				  BIT	      9E
SM2				  BIT	      9D
SP				  DATA	      81
T0				  BIT	      B4
T1				  BIT	      B5
TB8				  BIT	      9B
TCON				  DATA	      88
TF0				  BIT	      8D
TF1				  BIT	      8F
TH0				  DATA	      8C
TH1				  DATA	      8D
TI				  BIT	      99
TIMER0				  CODE	    000B
TIMER1				  CODE	    001B
TL0				  DATA	      8A
TL1				  DATA	      8B
TMOD				  DATA	      89
TR0				  BIT	      8C
TR1				  BIT	      8E
TXD				  BIT	      B1
WR				  BIT	      B6
