                              1 ;--------------------------------------------------------
                              2 ; File Created by SDCC : free open source ANSI-C Compiler
                              3 ; Version 3.0.1 #6083 (Dec 17 2010) (MINGW32)
                              4 ; This file was generated Mon May 09 16:46:50 2016
                              5 ;--------------------------------------------------------
                              6 	.module 10v2
                              7 	.optsdcc -mmcs51 --model-small
                              8 	
                              9 ;--------------------------------------------------------
                             10 ; Public variables in this module
                             11 ;--------------------------------------------------------
                             12 	.globl _TablicaZnakow
                             13 	.globl _tablicaAnod
                             14 	.globl _timer0
                             15 	.globl _main
                             16 	.globl _CY
                             17 	.globl _AC
                             18 	.globl _F0
                             19 	.globl _RS1
                             20 	.globl _RS0
                             21 	.globl _OV
                             22 	.globl _F1
                             23 	.globl _P
                             24 	.globl _PS
                             25 	.globl _PT1
                             26 	.globl _PX1
                             27 	.globl _PT0
                             28 	.globl _PX0
                             29 	.globl _RD
                             30 	.globl _WR
                             31 	.globl _T1
                             32 	.globl _T0
                             33 	.globl _INT1
                             34 	.globl _INT0
                             35 	.globl _TXD
                             36 	.globl _RXD
                             37 	.globl _P3_7
                             38 	.globl _P3_6
                             39 	.globl _P3_5
                             40 	.globl _P3_4
                             41 	.globl _P3_3
                             42 	.globl _P3_2
                             43 	.globl _P3_1
                             44 	.globl _P3_0
                             45 	.globl _EA
                             46 	.globl _ES
                             47 	.globl _ET1
                             48 	.globl _EX1
                             49 	.globl _ET0
                             50 	.globl _EX0
                             51 	.globl _P2_7
                             52 	.globl _P2_6
                             53 	.globl _P2_5
                             54 	.globl _P2_4
                             55 	.globl _P2_3
                             56 	.globl _P2_2
                             57 	.globl _P2_1
                             58 	.globl _P2_0
                             59 	.globl _SM0
                             60 	.globl _SM1
                             61 	.globl _SM2
                             62 	.globl _REN
                             63 	.globl _TB8
                             64 	.globl _RB8
                             65 	.globl _TI
                             66 	.globl _RI
                             67 	.globl _P1_7
                             68 	.globl _P1_6
                             69 	.globl _P1_5
                             70 	.globl _P1_4
                             71 	.globl _P1_3
                             72 	.globl _P1_2
                             73 	.globl _P1_1
                             74 	.globl _P1_0
                             75 	.globl _TF1
                             76 	.globl _TR1
                             77 	.globl _TF0
                             78 	.globl _TR0
                             79 	.globl _IE1
                             80 	.globl _IT1
                             81 	.globl _IE0
                             82 	.globl _IT0
                             83 	.globl _P0_7
                             84 	.globl _P0_6
                             85 	.globl _P0_5
                             86 	.globl _P0_4
                             87 	.globl _P0_3
                             88 	.globl _P0_2
                             89 	.globl _P0_1
                             90 	.globl _P0_0
                             91 	.globl _B
                             92 	.globl _ACC
                             93 	.globl _PSW
                             94 	.globl _IP
                             95 	.globl _P3
                             96 	.globl _IE
                             97 	.globl _P2
                             98 	.globl _SBUF
                             99 	.globl _SCON
                            100 	.globl _P1
                            101 	.globl _TH1
                            102 	.globl _TH0
                            103 	.globl _TL1
                            104 	.globl _TL0
                            105 	.globl _TMOD
                            106 	.globl _TCON
                            107 	.globl _PCON
                            108 	.globl _DPH
                            109 	.globl _DPL
                            110 	.globl _SP
                            111 	.globl _P0
                            112 	.globl _Liczba
                            113 	.globl _count
                            114 	.globl _Bufor
                            115 	.globl _Licznik
                            116 ;--------------------------------------------------------
                            117 ; special function registers
                            118 ;--------------------------------------------------------
                            119 	.area RSEG    (ABS,DATA)
   0000                     120 	.org 0x0000
                    0080    121 _P0	=	0x0080
                    0081    122 _SP	=	0x0081
                    0082    123 _DPL	=	0x0082
                    0083    124 _DPH	=	0x0083
                    0087    125 _PCON	=	0x0087
                    0088    126 _TCON	=	0x0088
                    0089    127 _TMOD	=	0x0089
                    008A    128 _TL0	=	0x008a
                    008B    129 _TL1	=	0x008b
                    008C    130 _TH0	=	0x008c
                    008D    131 _TH1	=	0x008d
                    0090    132 _P1	=	0x0090
                    0098    133 _SCON	=	0x0098
                    0099    134 _SBUF	=	0x0099
                    00A0    135 _P2	=	0x00a0
                    00A8    136 _IE	=	0x00a8
                    00B0    137 _P3	=	0x00b0
                    00B8    138 _IP	=	0x00b8
                    00D0    139 _PSW	=	0x00d0
                    00E0    140 _ACC	=	0x00e0
                    00F0    141 _B	=	0x00f0
                            142 ;--------------------------------------------------------
                            143 ; special function bits
                            144 ;--------------------------------------------------------
                            145 	.area RSEG    (ABS,DATA)
   0000                     146 	.org 0x0000
                    0080    147 _P0_0	=	0x0080
                    0081    148 _P0_1	=	0x0081
                    0082    149 _P0_2	=	0x0082
                    0083    150 _P0_3	=	0x0083
                    0084    151 _P0_4	=	0x0084
                    0085    152 _P0_5	=	0x0085
                    0086    153 _P0_6	=	0x0086
                    0087    154 _P0_7	=	0x0087
                    0088    155 _IT0	=	0x0088
                    0089    156 _IE0	=	0x0089
                    008A    157 _IT1	=	0x008a
                    008B    158 _IE1	=	0x008b
                    008C    159 _TR0	=	0x008c
                    008D    160 _TF0	=	0x008d
                    008E    161 _TR1	=	0x008e
                    008F    162 _TF1	=	0x008f
                    0090    163 _P1_0	=	0x0090
                    0091    164 _P1_1	=	0x0091
                    0092    165 _P1_2	=	0x0092
                    0093    166 _P1_3	=	0x0093
                    0094    167 _P1_4	=	0x0094
                    0095    168 _P1_5	=	0x0095
                    0096    169 _P1_6	=	0x0096
                    0097    170 _P1_7	=	0x0097
                    0098    171 _RI	=	0x0098
                    0099    172 _TI	=	0x0099
                    009A    173 _RB8	=	0x009a
                    009B    174 _TB8	=	0x009b
                    009C    175 _REN	=	0x009c
                    009D    176 _SM2	=	0x009d
                    009E    177 _SM1	=	0x009e
                    009F    178 _SM0	=	0x009f
                    00A0    179 _P2_0	=	0x00a0
                    00A1    180 _P2_1	=	0x00a1
                    00A2    181 _P2_2	=	0x00a2
                    00A3    182 _P2_3	=	0x00a3
                    00A4    183 _P2_4	=	0x00a4
                    00A5    184 _P2_5	=	0x00a5
                    00A6    185 _P2_6	=	0x00a6
                    00A7    186 _P2_7	=	0x00a7
                    00A8    187 _EX0	=	0x00a8
                    00A9    188 _ET0	=	0x00a9
                    00AA    189 _EX1	=	0x00aa
                    00AB    190 _ET1	=	0x00ab
                    00AC    191 _ES	=	0x00ac
                    00AF    192 _EA	=	0x00af
                    00B0    193 _P3_0	=	0x00b0
                    00B1    194 _P3_1	=	0x00b1
                    00B2    195 _P3_2	=	0x00b2
                    00B3    196 _P3_3	=	0x00b3
                    00B4    197 _P3_4	=	0x00b4
                    00B5    198 _P3_5	=	0x00b5
                    00B6    199 _P3_6	=	0x00b6
                    00B7    200 _P3_7	=	0x00b7
                    00B0    201 _RXD	=	0x00b0
                    00B1    202 _TXD	=	0x00b1
                    00B2    203 _INT0	=	0x00b2
                    00B3    204 _INT1	=	0x00b3
                    00B4    205 _T0	=	0x00b4
                    00B5    206 _T1	=	0x00b5
                    00B6    207 _WR	=	0x00b6
                    00B7    208 _RD	=	0x00b7
                    00B8    209 _PX0	=	0x00b8
                    00B9    210 _PT0	=	0x00b9
                    00BA    211 _PX1	=	0x00ba
                    00BB    212 _PT1	=	0x00bb
                    00BC    213 _PS	=	0x00bc
                    00D0    214 _P	=	0x00d0
                    00D1    215 _F1	=	0x00d1
                    00D2    216 _OV	=	0x00d2
                    00D3    217 _RS0	=	0x00d3
                    00D4    218 _RS1	=	0x00d4
                    00D5    219 _F0	=	0x00d5
                    00D6    220 _AC	=	0x00d6
                    00D7    221 _CY	=	0x00d7
                            222 ;--------------------------------------------------------
                            223 ; overlayable register banks
                            224 ;--------------------------------------------------------
                            225 	.area REG_BANK_0	(REL,OVR,DATA)
   0000                     226 	.ds 8
                            227 	.area REG_BANK_1	(REL,OVR,DATA)
   0000                     228 	.ds 8
                            229 ;--------------------------------------------------------
                            230 ; overlayable bit register bank
                            231 ;--------------------------------------------------------
                            232 	.area BIT_BANK	(REL,OVR,DATA)
   0000                     233 bits:
   0000                     234 	.ds 1
                    8000    235 	b0 = bits[0]
                    8100    236 	b1 = bits[1]
                    8200    237 	b2 = bits[2]
                    8300    238 	b3 = bits[3]
                    8400    239 	b4 = bits[4]
                    8500    240 	b5 = bits[5]
                    8600    241 	b6 = bits[6]
                    8700    242 	b7 = bits[7]
                            243 ;--------------------------------------------------------
                            244 ; internal ram data
                            245 ;--------------------------------------------------------
                            246 	.area DSEG    (DATA)
   0000                     247 _Licznik::
   0000                     248 	.ds 1
   0001                     249 _Bufor::
   0001                     250 	.ds 4
   0005                     251 _count::
   0005                     252 	.ds 2
   0007                     253 _Liczba::
   0007                     254 	.ds 2
                            255 ;--------------------------------------------------------
                            256 ; overlayable items in internal ram 
                            257 ;--------------------------------------------------------
                            258 	.area OSEG    (OVR,DATA)
                            259 ;--------------------------------------------------------
                            260 ; Stack segment in internal ram 
                            261 ;--------------------------------------------------------
                            262 	.area	SSEG	(DATA)
   0000                     263 __start__stack:
   0000                     264 	.ds	1
                            265 
                            266 ;--------------------------------------------------------
                            267 ; indirectly addressable internal ram data
                            268 ;--------------------------------------------------------
                            269 	.area ISEG    (DATA)
                            270 ;--------------------------------------------------------
                            271 ; absolute internal ram data
                            272 ;--------------------------------------------------------
                            273 	.area IABS    (ABS,DATA)
                            274 	.area IABS    (ABS,DATA)
                            275 ;--------------------------------------------------------
                            276 ; bit data
                            277 ;--------------------------------------------------------
                            278 	.area BSEG    (BIT)
                            279 ;--------------------------------------------------------
                            280 ; paged external ram data
                            281 ;--------------------------------------------------------
                            282 	.area PSEG    (PAG,XDATA)
                            283 ;--------------------------------------------------------
                            284 ; external ram data
                            285 ;--------------------------------------------------------
                            286 	.area XSEG    (XDATA)
                            287 ;--------------------------------------------------------
                            288 ; absolute external ram data
                            289 ;--------------------------------------------------------
                            290 	.area XABS    (ABS,XDATA)
                            291 ;--------------------------------------------------------
                            292 ; external initialized ram data
                            293 ;--------------------------------------------------------
                            294 	.area XISEG   (XDATA)
                            295 	.area HOME    (CODE)
                            296 	.area GSINIT0 (CODE)
                            297 	.area GSINIT1 (CODE)
                            298 	.area GSINIT2 (CODE)
                            299 	.area GSINIT3 (CODE)
                            300 	.area GSINIT4 (CODE)
                            301 	.area GSINIT5 (CODE)
                            302 	.area GSINIT  (CODE)
                            303 	.area GSFINAL (CODE)
                            304 	.area CSEG    (CODE)
                            305 ;--------------------------------------------------------
                            306 ; interrupt vector 
                            307 ;--------------------------------------------------------
                            308 	.area HOME    (CODE)
   0000                     309 __interrupt_vect:
   0000 02s00r00            310 	ljmp	__sdcc_gsinit_startup
   0003 32                  311 	reti
   0004                     312 	.ds	7
   000B 02s00r1D            313 	ljmp	_timer0
                            314 ;--------------------------------------------------------
                            315 ; global & static initialisations
                            316 ;--------------------------------------------------------
                            317 	.area HOME    (CODE)
                            318 	.area GSINIT  (CODE)
                            319 	.area GSFINAL (CODE)
                            320 	.area GSINIT  (CODE)
                            321 	.globl __sdcc_gsinit_startup
                            322 	.globl __sdcc_program_startup
                            323 	.globl __start__stack
                            324 	.globl __mcs51_genXINIT
                            325 	.globl __mcs51_genXRAMCLEAR
                            326 	.globl __mcs51_genRAMCLEAR
                            327 ;	Z:\Pulpit\SW\lab10\10v2.c:12: unsigned char Licznik =0;
   0000 75*00 00            328 	mov	_Licznik,#0x00
                            329 ;	Z:\Pulpit\SW\lab10\10v2.c:14: unsigned int count =0;
   0003 E4                  330 	clr	a
   0004 F5*05               331 	mov	_count,a
   0006 F5*06               332 	mov	(_count + 1),a
                            333 ;	Z:\Pulpit\SW\lab10\10v2.c:15: unsigned int Liczba=0;
   0008 E4                  334 	clr	a
   0009 F5*07               335 	mov	_Liczba,a
   000B F5*08               336 	mov	(_Liczba + 1),a
                            337 	.area GSFINAL (CODE)
   0000 02s00r0E            338 	ljmp	__sdcc_program_startup
                            339 ;--------------------------------------------------------
                            340 ; Home
                            341 ;--------------------------------------------------------
                            342 	.area HOME    (CODE)
                            343 	.area HOME    (CODE)
   000E                     344 __sdcc_program_startup:
   000E 12s00r00            345 	lcall	_main
                            346 ;	return from main will lock up
   0011 80 FE               347 	sjmp .
                            348 ;--------------------------------------------------------
                            349 ; code
                            350 ;--------------------------------------------------------
                            351 	.area CSEG    (CODE)
                            352 ;------------------------------------------------------------
                            353 ;Allocation info for local variables in function 'main'
                            354 ;------------------------------------------------------------
                            355 ;------------------------------------------------------------
                            356 ;	Z:\Pulpit\SW\lab10\10v2.c:17: int main(){
                            357 ;	-----------------------------------------
                            358 ;	 function main
                            359 ;	-----------------------------------------
   0000                     360 _main:
                    0002    361 	ar2 = 0x02
                    0003    362 	ar3 = 0x03
                    0004    363 	ar4 = 0x04
                    0005    364 	ar5 = 0x05
                    0006    365 	ar6 = 0x06
                    0007    366 	ar7 = 0x07
                    0000    367 	ar0 = 0x00
                    0001    368 	ar1 = 0x01
                            369 ;	Z:\Pulpit\SW\lab10\10v2.c:19: TMOD=1;
   0000 75 89 01            370 	mov	_TMOD,#0x01
                            371 ;	Z:\Pulpit\SW\lab10\10v2.c:20: TH0=czas/256;
   0003 75 8C FD            372 	mov	_TH0,#0xFD
                            373 ;	Z:\Pulpit\SW\lab10\10v2.c:21: TL0=czas%256;
   0006 75 8A 18            374 	mov	_TL0,#0x18
                            375 ;	Z:\Pulpit\SW\lab10\10v2.c:22: TR0=1;
   0009 D2 8C               376 	setb	_TR0
                            377 ;	Z:\Pulpit\SW\lab10\10v2.c:23: ET0=1;
   000B D2 A9               378 	setb	_ET0
                            379 ;	Z:\Pulpit\SW\lab10\10v2.c:24: EA=1;
   000D D2 AF               380 	setb	_EA
                            381 ;	Z:\Pulpit\SW\lab10\10v2.c:26: Bufor[0]=0;
   000F 75*01 00            382 	mov	_Bufor,#0x00
                            383 ;	Z:\Pulpit\SW\lab10\10v2.c:27: Bufor[1]=0;
   0012 75*02 00            384 	mov	(_Bufor + 0x0001),#0x00
                            385 ;	Z:\Pulpit\SW\lab10\10v2.c:28: Bufor[2]=0;
   0015 75*03 00            386 	mov	(_Bufor + 0x0002),#0x00
                            387 ;	Z:\Pulpit\SW\lab10\10v2.c:29: Bufor[3]=0;
   0018 75*04 00            388 	mov	(_Bufor + 0x0003),#0x00
                            389 ;	Z:\Pulpit\SW\lab10\10v2.c:32: while(1);
   001B                     390 00102$:
   001B 80 FE               391 	sjmp	00102$
                            392 ;------------------------------------------------------------
                            393 ;Allocation info for local variables in function 'timer0'
                            394 ;------------------------------------------------------------
                            395 ;------------------------------------------------------------
                            396 ;	Z:\Pulpit\SW\lab10\10v2.c:35: void timer0(void)__interrupt(1)__using(1)
                            397 ;	-----------------------------------------
                            398 ;	 function timer0
                            399 ;	-----------------------------------------
   001D                     400 _timer0:
                    000A    401 	ar2 = 0x0a
                    000B    402 	ar3 = 0x0b
                    000C    403 	ar4 = 0x0c
                    000D    404 	ar5 = 0x0d
                    000E    405 	ar6 = 0x0e
                    000F    406 	ar7 = 0x0f
                    0008    407 	ar0 = 0x08
                    0009    408 	ar1 = 0x09
   001D C0*00               409 	push	bits
   001F C0 E0               410 	push	acc
   0021 C0 F0               411 	push	b
   0023 C0 82               412 	push	dpl
   0025 C0 83               413 	push	dph
   0027 C0 02               414 	push	(0+2)
   0029 C0 03               415 	push	(0+3)
   002B C0 04               416 	push	(0+4)
   002D C0 05               417 	push	(0+5)
   002F C0 06               418 	push	(0+6)
   0031 C0 07               419 	push	(0+7)
   0033 C0 00               420 	push	(0+0)
   0035 C0 01               421 	push	(0+1)
   0037 C0 D0               422 	push	psw
   0039 75 D0 08            423 	mov	psw,#0x08
                            424 ;	Z:\Pulpit\SW\lab10\10v2.c:37: TH0=czas/256;
   003C 75 8C FD            425 	mov	_TH0,#0xFD
                            426 ;	Z:\Pulpit\SW\lab10\10v2.c:38: TL0=czas%256;
   003F 75 8A 18            427 	mov	_TL0,#0x18
                            428 ;	Z:\Pulpit\SW\lab10\10v2.c:39: Bufor[0]=Liczba%10;
   0042 74 0A               429 	mov	a,#0x0A
   0044 C0 E0               430 	push	acc
   0046 E4                  431 	clr	a
   0047 C0 E0               432 	push	acc
   0049 85*07 82            433 	mov	dpl,_Liczba
   004C 85*08 83            434 	mov	dph,(_Liczba + 1)
   004F 75 D0 00            435 	mov	psw,#0x00
   0052 12s00r00            436 	lcall	__moduint
   0055 75 D0 08            437 	mov	psw,#0x08
   0058 AA 82               438 	mov	r2,dpl
   005A 15 81               439 	dec	sp
   005C 15 81               440 	dec	sp
   005E 8A*01               441 	mov	_Bufor,r2
                            442 ;	Z:\Pulpit\SW\lab10\10v2.c:40: Bufor[1]=(Liczba%100)/10;
   0060 74 64               443 	mov	a,#0x64
   0062 C0 E0               444 	push	acc
   0064 E4                  445 	clr	a
   0065 C0 E0               446 	push	acc
   0067 85*07 82            447 	mov	dpl,_Liczba
   006A 85*08 83            448 	mov	dph,(_Liczba + 1)
   006D 75 D0 00            449 	mov	psw,#0x00
   0070 12s00r00            450 	lcall	__moduint
   0073 75 D0 08            451 	mov	psw,#0x08
   0076 AA 82               452 	mov	r2,dpl
   0078 AB 83               453 	mov	r3,dph
   007A 15 81               454 	dec	sp
   007C 15 81               455 	dec	sp
   007E 74 0A               456 	mov	a,#0x0A
   0080 C0 E0               457 	push	acc
   0082 E4                  458 	clr	a
   0083 C0 E0               459 	push	acc
   0085 8A 82               460 	mov	dpl,r2
   0087 8B 83               461 	mov	dph,r3
   0089 75 D0 00            462 	mov	psw,#0x00
   008C 12s00r00            463 	lcall	__divuint
   008F 75 D0 08            464 	mov	psw,#0x08
   0092 AA 82               465 	mov	r2,dpl
   0094 15 81               466 	dec	sp
   0096 15 81               467 	dec	sp
   0098 8A*02               468 	mov	(_Bufor + 0x0001),r2
                            469 ;	Z:\Pulpit\SW\lab10\10v2.c:41: Bufor[2]=(Liczba%1000)/100;
   009A 74 E8               470 	mov	a,#0xE8
   009C C0 E0               471 	push	acc
   009E 74 03               472 	mov	a,#0x03
   00A0 C0 E0               473 	push	acc
   00A2 85*07 82            474 	mov	dpl,_Liczba
   00A5 85*08 83            475 	mov	dph,(_Liczba + 1)
   00A8 75 D0 00            476 	mov	psw,#0x00
   00AB 12s00r00            477 	lcall	__moduint
   00AE 75 D0 08            478 	mov	psw,#0x08
   00B1 AA 82               479 	mov	r2,dpl
   00B3 AB 83               480 	mov	r3,dph
   00B5 15 81               481 	dec	sp
   00B7 15 81               482 	dec	sp
   00B9 74 64               483 	mov	a,#0x64
   00BB C0 E0               484 	push	acc
   00BD E4                  485 	clr	a
   00BE C0 E0               486 	push	acc
   00C0 8A 82               487 	mov	dpl,r2
   00C2 8B 83               488 	mov	dph,r3
   00C4 75 D0 00            489 	mov	psw,#0x00
   00C7 12s00r00            490 	lcall	__divuint
   00CA 75 D0 08            491 	mov	psw,#0x08
   00CD AA 82               492 	mov	r2,dpl
   00CF 15 81               493 	dec	sp
   00D1 15 81               494 	dec	sp
   00D3 8A*03               495 	mov	(_Bufor + 0x0002),r2
                            496 ;	Z:\Pulpit\SW\lab10\10v2.c:42: Bufor[3]=Liczba/1000;
   00D5 74 E8               497 	mov	a,#0xE8
   00D7 C0 E0               498 	push	acc
   00D9 74 03               499 	mov	a,#0x03
   00DB C0 E0               500 	push	acc
   00DD 85*07 82            501 	mov	dpl,_Liczba
   00E0 85*08 83            502 	mov	dph,(_Liczba + 1)
   00E3 75 D0 00            503 	mov	psw,#0x00
   00E6 12s00r00            504 	lcall	__divuint
   00E9 75 D0 08            505 	mov	psw,#0x08
   00EC AA 82               506 	mov	r2,dpl
   00EE AB 83               507 	mov	r3,dph
   00F0 15 81               508 	dec	sp
   00F2 15 81               509 	dec	sp
   00F4 8A*04               510 	mov	(_Bufor + 0x0003),r2
                            511 ;	Z:\Pulpit\SW\lab10\10v2.c:43: if(++count>5)
   00F6 05*05               512 	inc	_count
   00F8 E4                  513 	clr	a
   00F9 B5*05 02            514 	cjne	a,_count,00109$
   00FC 05*06               515 	inc	(_count + 1)
   00FE                     516 00109$:
   00FE C3                  517 	clr	c
   00FF 74 05               518 	mov	a,#0x05
   0101 95*05               519 	subb	a,_count
   0103 E4                  520 	clr	a
   0104 95*06               521 	subb	a,(_count + 1)
   0106 50 2E               522 	jnc	00105$
                            523 ;	Z:\Pulpit\SW\lab10\10v2.c:45: portAnod= tablicaAnod[Licznik];
   0108 E5*00               524 	mov	a,_Licznik
   010A 90s00r00            525 	mov	dptr,#_tablicaAnod
   010D 93                  526 	movc	a,@a+dptr
   010E F5 80               527 	mov	_P0,a
                            528 ;	Z:\Pulpit\SW\lab10\10v2.c:46: portSek=TablicaZnakow[Bufor[Licznik]];
   0110 E5*00               529 	mov	a,_Licznik
   0112 24r01               530 	add	a,#_Bufor
   0114 F8                  531 	mov	r0,a
   0115 E6                  532 	mov	a,@r0
   0116 FA                  533 	mov	r2,a
   0117 90s00r04            534 	mov	dptr,#_TablicaZnakow
   011A 93                  535 	movc	a,@a+dptr
   011B F5 A0               536 	mov	_P2,a
                            537 ;	Z:\Pulpit\SW\lab10\10v2.c:47: Licznik++;
   011D 05*00               538 	inc	_Licznik
                            539 ;	Z:\Pulpit\SW\lab10\10v2.c:48: Liczba++;
   011F 05*07               540 	inc	_Liczba
   0121 E4                  541 	clr	a
   0122 B5*07 02            542 	cjne	a,_Liczba,00111$
   0125 05*08               543 	inc	(_Liczba + 1)
   0127                     544 00111$:
                            545 ;	Z:\Pulpit\SW\lab10\10v2.c:51: if(Licznik >3)Licznik=0;
   0127 74 03               546 	mov	a,#0x03
   0129 B5*00 00            547 	cjne	a,_Licznik,00112$
   012C                     548 00112$:
   012C 50 03               549 	jnc	00102$
   012E 75*00 00            550 	mov	_Licznik,#0x00
   0131                     551 00102$:
                            552 ;	Z:\Pulpit\SW\lab10\10v2.c:52: count=0;
   0131 E4                  553 	clr	a
   0132 F5*05               554 	mov	_count,a
   0134 F5*06               555 	mov	(_count + 1),a
   0136                     556 00105$:
   0136 D0 D0               557 	pop	psw
   0138 D0 01               558 	pop	(0+1)
   013A D0 00               559 	pop	(0+0)
   013C D0 07               560 	pop	(0+7)
   013E D0 06               561 	pop	(0+6)
   0140 D0 05               562 	pop	(0+5)
   0142 D0 04               563 	pop	(0+4)
   0144 D0 03               564 	pop	(0+3)
   0146 D0 02               565 	pop	(0+2)
   0148 D0 83               566 	pop	dph
   014A D0 82               567 	pop	dpl
   014C D0 F0               568 	pop	b
   014E D0 E0               569 	pop	acc
   0150 D0*00               570 	pop	bits
   0152 32                  571 	reti
                            572 	.area CSEG    (CODE)
                            573 	.area CONST   (CODE)
   0000                     574 _tablicaAnod:
   0000 0E                  575 	.db #0x0E	; 14
   0001 0D                  576 	.db #0x0D	; 13
   0002 0B                  577 	.db #0x0B	; 11
   0003 07                  578 	.db #0x07	; 7
   0004                     579 _TablicaZnakow:
   0004 03                  580 	.db #0x03	; 3
   0005 9F                  581 	.db #0x9F	; 159
   0006 25                  582 	.db #0x25	; 37
   0007 0D                  583 	.db #0x0D	; 13
   0008 99                  584 	.db #0x99	; 153
   0009 49                  585 	.db #0x49	; 73	I
   000A 41                  586 	.db #0x41	; 65	A
   000B 1F                  587 	.db #0x1F	; 31
   000C 01                  588 	.db #0x01	; 1
   000D 09                  589 	.db #0x09	; 9
   000E FF                  590 	.db #0xFF	; 255
                            591 	.area XINIT   (CODE)
                            592 	.area CABS    (ABS,CODE)
