                              1 ;--------------------------------------------------------
                              2 ; File Created by SDCC : free open source ANSI-C Compiler
                              3 ; Version 3.0.1 #6083 (Dec 17 2010) (MINGW32)
                              4 ; This file was generated Mon May 09 17:19:17 2016
                              5 ;--------------------------------------------------------
                              6 	.module 10v3
                              7 	.optsdcc -mmcs51 --model-small
                              8 	
                              9 ;--------------------------------------------------------
                             10 ; Public variables in this module
                             11 ;--------------------------------------------------------
                             12 	.globl _TablicaZnakow
                             13 	.globl _tablicaAnod
                             14 	.globl _timer1
                             15 	.globl _timer0
                             16 	.globl _main
                             17 	.globl _CY
                             18 	.globl _AC
                             19 	.globl _F0
                             20 	.globl _RS1
                             21 	.globl _RS0
                             22 	.globl _OV
                             23 	.globl _F1
                             24 	.globl _P
                             25 	.globl _PS
                             26 	.globl _PT1
                             27 	.globl _PX1
                             28 	.globl _PT0
                             29 	.globl _PX0
                             30 	.globl _RD
                             31 	.globl _WR
                             32 	.globl _T1
                             33 	.globl _T0
                             34 	.globl _INT1
                             35 	.globl _INT0
                             36 	.globl _TXD
                             37 	.globl _RXD
                             38 	.globl _P3_7
                             39 	.globl _P3_6
                             40 	.globl _P3_5
                             41 	.globl _P3_4
                             42 	.globl _P3_3
                             43 	.globl _P3_2
                             44 	.globl _P3_1
                             45 	.globl _P3_0
                             46 	.globl _EA
                             47 	.globl _ES
                             48 	.globl _ET1
                             49 	.globl _EX1
                             50 	.globl _ET0
                             51 	.globl _EX0
                             52 	.globl _P2_7
                             53 	.globl _P2_6
                             54 	.globl _P2_5
                             55 	.globl _P2_4
                             56 	.globl _P2_3
                             57 	.globl _P2_2
                             58 	.globl _P2_1
                             59 	.globl _P2_0
                             60 	.globl _SM0
                             61 	.globl _SM1
                             62 	.globl _SM2
                             63 	.globl _REN
                             64 	.globl _TB8
                             65 	.globl _RB8
                             66 	.globl _TI
                             67 	.globl _RI
                             68 	.globl _P1_7
                             69 	.globl _P1_6
                             70 	.globl _P1_5
                             71 	.globl _P1_4
                             72 	.globl _P1_3
                             73 	.globl _P1_2
                             74 	.globl _P1_1
                             75 	.globl _P1_0
                             76 	.globl _TF1
                             77 	.globl _TR1
                             78 	.globl _TF0
                             79 	.globl _TR0
                             80 	.globl _IE1
                             81 	.globl _IT1
                             82 	.globl _IE0
                             83 	.globl _IT0
                             84 	.globl _P0_7
                             85 	.globl _P0_6
                             86 	.globl _P0_5
                             87 	.globl _P0_4
                             88 	.globl _P0_3
                             89 	.globl _P0_2
                             90 	.globl _P0_1
                             91 	.globl _P0_0
                             92 	.globl _B
                             93 	.globl _ACC
                             94 	.globl _PSW
                             95 	.globl _IP
                             96 	.globl _P3
                             97 	.globl _IE
                             98 	.globl _P2
                             99 	.globl _SBUF
                            100 	.globl _SCON
                            101 	.globl _P1
                            102 	.globl _TH1
                            103 	.globl _TH0
                            104 	.globl _TL1
                            105 	.globl _TL0
                            106 	.globl _TMOD
                            107 	.globl _TCON
                            108 	.globl _PCON
                            109 	.globl _DPH
                            110 	.globl _DPL
                            111 	.globl _SP
                            112 	.globl _P0
                            113 	.globl _licznikk
                            114 	.globl _Licznik2
                            115 	.globl _Liczba
                            116 	.globl _count
                            117 	.globl _Bufor
                            118 	.globl _Licznik
                            119 ;--------------------------------------------------------
                            120 ; special function registers
                            121 ;--------------------------------------------------------
                            122 	.area RSEG    (ABS,DATA)
   0000                     123 	.org 0x0000
                    0080    124 _P0	=	0x0080
                    0081    125 _SP	=	0x0081
                    0082    126 _DPL	=	0x0082
                    0083    127 _DPH	=	0x0083
                    0087    128 _PCON	=	0x0087
                    0088    129 _TCON	=	0x0088
                    0089    130 _TMOD	=	0x0089
                    008A    131 _TL0	=	0x008a
                    008B    132 _TL1	=	0x008b
                    008C    133 _TH0	=	0x008c
                    008D    134 _TH1	=	0x008d
                    0090    135 _P1	=	0x0090
                    0098    136 _SCON	=	0x0098
                    0099    137 _SBUF	=	0x0099
                    00A0    138 _P2	=	0x00a0
                    00A8    139 _IE	=	0x00a8
                    00B0    140 _P3	=	0x00b0
                    00B8    141 _IP	=	0x00b8
                    00D0    142 _PSW	=	0x00d0
                    00E0    143 _ACC	=	0x00e0
                    00F0    144 _B	=	0x00f0
                            145 ;--------------------------------------------------------
                            146 ; special function bits
                            147 ;--------------------------------------------------------
                            148 	.area RSEG    (ABS,DATA)
   0000                     149 	.org 0x0000
                    0080    150 _P0_0	=	0x0080
                    0081    151 _P0_1	=	0x0081
                    0082    152 _P0_2	=	0x0082
                    0083    153 _P0_3	=	0x0083
                    0084    154 _P0_4	=	0x0084
                    0085    155 _P0_5	=	0x0085
                    0086    156 _P0_6	=	0x0086
                    0087    157 _P0_7	=	0x0087
                    0088    158 _IT0	=	0x0088
                    0089    159 _IE0	=	0x0089
                    008A    160 _IT1	=	0x008a
                    008B    161 _IE1	=	0x008b
                    008C    162 _TR0	=	0x008c
                    008D    163 _TF0	=	0x008d
                    008E    164 _TR1	=	0x008e
                    008F    165 _TF1	=	0x008f
                    0090    166 _P1_0	=	0x0090
                    0091    167 _P1_1	=	0x0091
                    0092    168 _P1_2	=	0x0092
                    0093    169 _P1_3	=	0x0093
                    0094    170 _P1_4	=	0x0094
                    0095    171 _P1_5	=	0x0095
                    0096    172 _P1_6	=	0x0096
                    0097    173 _P1_7	=	0x0097
                    0098    174 _RI	=	0x0098
                    0099    175 _TI	=	0x0099
                    009A    176 _RB8	=	0x009a
                    009B    177 _TB8	=	0x009b
                    009C    178 _REN	=	0x009c
                    009D    179 _SM2	=	0x009d
                    009E    180 _SM1	=	0x009e
                    009F    181 _SM0	=	0x009f
                    00A0    182 _P2_0	=	0x00a0
                    00A1    183 _P2_1	=	0x00a1
                    00A2    184 _P2_2	=	0x00a2
                    00A3    185 _P2_3	=	0x00a3
                    00A4    186 _P2_4	=	0x00a4
                    00A5    187 _P2_5	=	0x00a5
                    00A6    188 _P2_6	=	0x00a6
                    00A7    189 _P2_7	=	0x00a7
                    00A8    190 _EX0	=	0x00a8
                    00A9    191 _ET0	=	0x00a9
                    00AA    192 _EX1	=	0x00aa
                    00AB    193 _ET1	=	0x00ab
                    00AC    194 _ES	=	0x00ac
                    00AF    195 _EA	=	0x00af
                    00B0    196 _P3_0	=	0x00b0
                    00B1    197 _P3_1	=	0x00b1
                    00B2    198 _P3_2	=	0x00b2
                    00B3    199 _P3_3	=	0x00b3
                    00B4    200 _P3_4	=	0x00b4
                    00B5    201 _P3_5	=	0x00b5
                    00B6    202 _P3_6	=	0x00b6
                    00B7    203 _P3_7	=	0x00b7
                    00B0    204 _RXD	=	0x00b0
                    00B1    205 _TXD	=	0x00b1
                    00B2    206 _INT0	=	0x00b2
                    00B3    207 _INT1	=	0x00b3
                    00B4    208 _T0	=	0x00b4
                    00B5    209 _T1	=	0x00b5
                    00B6    210 _WR	=	0x00b6
                    00B7    211 _RD	=	0x00b7
                    00B8    212 _PX0	=	0x00b8
                    00B9    213 _PT0	=	0x00b9
                    00BA    214 _PX1	=	0x00ba
                    00BB    215 _PT1	=	0x00bb
                    00BC    216 _PS	=	0x00bc
                    00D0    217 _P	=	0x00d0
                    00D1    218 _F1	=	0x00d1
                    00D2    219 _OV	=	0x00d2
                    00D3    220 _RS0	=	0x00d3
                    00D4    221 _RS1	=	0x00d4
                    00D5    222 _F0	=	0x00d5
                    00D6    223 _AC	=	0x00d6
                    00D7    224 _CY	=	0x00d7
                            225 ;--------------------------------------------------------
                            226 ; overlayable register banks
                            227 ;--------------------------------------------------------
                            228 	.area REG_BANK_0	(REL,OVR,DATA)
   0000                     229 	.ds 8
                            230 	.area REG_BANK_1	(REL,OVR,DATA)
   0000                     231 	.ds 8
                            232 ;--------------------------------------------------------
                            233 ; overlayable bit register bank
                            234 ;--------------------------------------------------------
                            235 	.area BIT_BANK	(REL,OVR,DATA)
   0000                     236 bits:
   0000                     237 	.ds 1
                    8000    238 	b0 = bits[0]
                    8100    239 	b1 = bits[1]
                    8200    240 	b2 = bits[2]
                    8300    241 	b3 = bits[3]
                    8400    242 	b4 = bits[4]
                    8500    243 	b5 = bits[5]
                    8600    244 	b6 = bits[6]
                    8700    245 	b7 = bits[7]
                            246 ;--------------------------------------------------------
                            247 ; internal ram data
                            248 ;--------------------------------------------------------
                            249 	.area DSEG    (DATA)
   0000                     250 _Licznik::
   0000                     251 	.ds 1
   0001                     252 _Bufor::
   0001                     253 	.ds 4
   0005                     254 _count::
   0005                     255 	.ds 2
   0007                     256 _Liczba::
   0007                     257 	.ds 2
   0009                     258 _Licznik2::
   0009                     259 	.ds 2
   000B                     260 _licznikk::
   000B                     261 	.ds 2
                            262 ;--------------------------------------------------------
                            263 ; overlayable items in internal ram 
                            264 ;--------------------------------------------------------
                            265 	.area OSEG    (OVR,DATA)
                            266 ;--------------------------------------------------------
                            267 ; Stack segment in internal ram 
                            268 ;--------------------------------------------------------
                            269 	.area	SSEG	(DATA)
   0000                     270 __start__stack:
   0000                     271 	.ds	1
                            272 
                            273 ;--------------------------------------------------------
                            274 ; indirectly addressable internal ram data
                            275 ;--------------------------------------------------------
                            276 	.area ISEG    (DATA)
                            277 ;--------------------------------------------------------
                            278 ; absolute internal ram data
                            279 ;--------------------------------------------------------
                            280 	.area IABS    (ABS,DATA)
                            281 	.area IABS    (ABS,DATA)
                            282 ;--------------------------------------------------------
                            283 ; bit data
                            284 ;--------------------------------------------------------
                            285 	.area BSEG    (BIT)
                            286 ;--------------------------------------------------------
                            287 ; paged external ram data
                            288 ;--------------------------------------------------------
                            289 	.area PSEG    (PAG,XDATA)
                            290 ;--------------------------------------------------------
                            291 ; external ram data
                            292 ;--------------------------------------------------------
                            293 	.area XSEG    (XDATA)
                            294 ;--------------------------------------------------------
                            295 ; absolute external ram data
                            296 ;--------------------------------------------------------
                            297 	.area XABS    (ABS,XDATA)
                            298 ;--------------------------------------------------------
                            299 ; external initialized ram data
                            300 ;--------------------------------------------------------
                            301 	.area XISEG   (XDATA)
                            302 	.area HOME    (CODE)
                            303 	.area GSINIT0 (CODE)
                            304 	.area GSINIT1 (CODE)
                            305 	.area GSINIT2 (CODE)
                            306 	.area GSINIT3 (CODE)
                            307 	.area GSINIT4 (CODE)
                            308 	.area GSINIT5 (CODE)
                            309 	.area GSINIT  (CODE)
                            310 	.area GSFINAL (CODE)
                            311 	.area CSEG    (CODE)
                            312 ;--------------------------------------------------------
                            313 ; interrupt vector 
                            314 ;--------------------------------------------------------
                            315 	.area HOME    (CODE)
   0000                     316 __interrupt_vect:
   0000 02s00r00            317 	ljmp	__sdcc_gsinit_startup
   0003 32                  318 	reti
   0004                     319 	.ds	7
   000B 02s00r27            320 	ljmp	_timer0
   000E                     321 	.ds	5
   0013 32                  322 	reti
   0014                     323 	.ds	7
   001B 02s01r57            324 	ljmp	_timer1
                            325 ;--------------------------------------------------------
                            326 ; global & static initialisations
                            327 ;--------------------------------------------------------
                            328 	.area HOME    (CODE)
                            329 	.area GSINIT  (CODE)
                            330 	.area GSFINAL (CODE)
                            331 	.area GSINIT  (CODE)
                            332 	.globl __sdcc_gsinit_startup
                            333 	.globl __sdcc_program_startup
                            334 	.globl __start__stack
                            335 	.globl __mcs51_genXINIT
                            336 	.globl __mcs51_genXRAMCLEAR
                            337 	.globl __mcs51_genRAMCLEAR
                            338 ;	Z:\Pulpit\SW\lab10\10v3.c:13: unsigned char Licznik =0;
   0000 75*00 00            339 	mov	_Licznik,#0x00
                            340 ;	Z:\Pulpit\SW\lab10\10v3.c:15: unsigned int count =0;
   0003 E4                  341 	clr	a
   0004 F5*05               342 	mov	_count,a
   0006 F5*06               343 	mov	(_count + 1),a
                            344 ;	Z:\Pulpit\SW\lab10\10v3.c:16: unsigned int Liczba=0;
   0008 E4                  345 	clr	a
   0009 F5*07               346 	mov	_Liczba,a
   000B F5*08               347 	mov	(_Liczba + 1),a
                            348 ;	Z:\Pulpit\SW\lab10\10v3.c:17: unsigned int Licznik2=0;
   000D E4                  349 	clr	a
   000E F5*09               350 	mov	_Licznik2,a
   0010 F5*0A               351 	mov	(_Licznik2 + 1),a
                            352 ;	Z:\Pulpit\SW\lab10\10v3.c:18: unsigned int licznikk=0;
   0012 E4                  353 	clr	a
   0013 F5*0B               354 	mov	_licznikk,a
   0015 F5*0C               355 	mov	(_licznikk + 1),a
                            356 	.area GSFINAL (CODE)
   0000 02s00r1E            357 	ljmp	__sdcc_program_startup
                            358 ;--------------------------------------------------------
                            359 ; Home
                            360 ;--------------------------------------------------------
                            361 	.area HOME    (CODE)
                            362 	.area HOME    (CODE)
   001E                     363 __sdcc_program_startup:
   001E 12s00r00            364 	lcall	_main
                            365 ;	return from main will lock up
   0021 80 FE               366 	sjmp .
                            367 ;--------------------------------------------------------
                            368 ; code
                            369 ;--------------------------------------------------------
                            370 	.area CSEG    (CODE)
                            371 ;------------------------------------------------------------
                            372 ;Allocation info for local variables in function 'main'
                            373 ;------------------------------------------------------------
                            374 ;------------------------------------------------------------
                            375 ;	Z:\Pulpit\SW\lab10\10v3.c:19: int main(){
                            376 ;	-----------------------------------------
                            377 ;	 function main
                            378 ;	-----------------------------------------
   0000                     379 _main:
                    0002    380 	ar2 = 0x02
                    0003    381 	ar3 = 0x03
                    0004    382 	ar4 = 0x04
                    0005    383 	ar5 = 0x05
                    0006    384 	ar6 = 0x06
                    0007    385 	ar7 = 0x07
                    0000    386 	ar0 = 0x00
                    0001    387 	ar1 = 0x01
                            388 ;	Z:\Pulpit\SW\lab10\10v3.c:21: TMOD=1;
   0000 75 89 01            389 	mov	_TMOD,#0x01
                            390 ;	Z:\Pulpit\SW\lab10\10v3.c:22: TH0=czas/256;
   0003 75 8C FD            391 	mov	_TH0,#0xFD
                            392 ;	Z:\Pulpit\SW\lab10\10v3.c:23: TL0=czas%256;
   0006 75 8A 18            393 	mov	_TL0,#0x18
                            394 ;	Z:\Pulpit\SW\lab10\10v3.c:24: TR0=1;
   0009 D2 8C               395 	setb	_TR0
                            396 ;	Z:\Pulpit\SW\lab10\10v3.c:25: ET0=1;
   000B D2 A9               397 	setb	_ET0
                            398 ;	Z:\Pulpit\SW\lab10\10v3.c:28: TH1=czas2/256;
   000D 75 8D 00            399 	mov	_TH1,#0x00
                            400 ;	Z:\Pulpit\SW\lab10\10v3.c:29: TL1=czas2%256;
   0010 75 8B 4C            401 	mov	_TL1,#0x4C
                            402 ;	Z:\Pulpit\SW\lab10\10v3.c:30: TR1=1;
   0013 D2 8E               403 	setb	_TR1
                            404 ;	Z:\Pulpit\SW\lab10\10v3.c:31: ET1=1;
   0015 D2 AB               405 	setb	_ET1
                            406 ;	Z:\Pulpit\SW\lab10\10v3.c:35: EA=1;
   0017 D2 AF               407 	setb	_EA
                            408 ;	Z:\Pulpit\SW\lab10\10v3.c:37: Bufor[0]=0;
   0019 75*01 00            409 	mov	_Bufor,#0x00
                            410 ;	Z:\Pulpit\SW\lab10\10v3.c:38: Bufor[1]=0;
   001C 75*02 00            411 	mov	(_Bufor + 0x0001),#0x00
                            412 ;	Z:\Pulpit\SW\lab10\10v3.c:39: Bufor[2]=0;
   001F 75*03 00            413 	mov	(_Bufor + 0x0002),#0x00
                            414 ;	Z:\Pulpit\SW\lab10\10v3.c:40: Bufor[3]=0;
   0022 75*04 00            415 	mov	(_Bufor + 0x0003),#0x00
                            416 ;	Z:\Pulpit\SW\lab10\10v3.c:43: while(1);
   0025                     417 00102$:
   0025 80 FE               418 	sjmp	00102$
                            419 ;------------------------------------------------------------
                            420 ;Allocation info for local variables in function 'timer0'
                            421 ;------------------------------------------------------------
                            422 ;------------------------------------------------------------
                            423 ;	Z:\Pulpit\SW\lab10\10v3.c:46: void timer0(void)__interrupt(1)__using(1)
                            424 ;	-----------------------------------------
                            425 ;	 function timer0
                            426 ;	-----------------------------------------
   0027                     427 _timer0:
                    000A    428 	ar2 = 0x0a
                    000B    429 	ar3 = 0x0b
                    000C    430 	ar4 = 0x0c
                    000D    431 	ar5 = 0x0d
                    000E    432 	ar6 = 0x0e
                    000F    433 	ar7 = 0x0f
                    0008    434 	ar0 = 0x08
                    0009    435 	ar1 = 0x09
   0027 C0*00               436 	push	bits
   0029 C0 E0               437 	push	acc
   002B C0 F0               438 	push	b
   002D C0 82               439 	push	dpl
   002F C0 83               440 	push	dph
   0031 C0 02               441 	push	(0+2)
   0033 C0 03               442 	push	(0+3)
   0035 C0 04               443 	push	(0+4)
   0037 C0 05               444 	push	(0+5)
   0039 C0 06               445 	push	(0+6)
   003B C0 07               446 	push	(0+7)
   003D C0 00               447 	push	(0+0)
   003F C0 01               448 	push	(0+1)
   0041 C0 D0               449 	push	psw
   0043 75 D0 08            450 	mov	psw,#0x08
                            451 ;	Z:\Pulpit\SW\lab10\10v3.c:48: TH0=czas/256;
   0046 75 8C FD            452 	mov	_TH0,#0xFD
                            453 ;	Z:\Pulpit\SW\lab10\10v3.c:49: TL0=czas%256;
   0049 75 8A 18            454 	mov	_TL0,#0x18
                            455 ;	Z:\Pulpit\SW\lab10\10v3.c:51: if(++count>5)
   004C 05*05               456 	inc	_count
   004E E4                  457 	clr	a
   004F B5*05 02            458 	cjne	a,_count,00109$
   0052 05*06               459 	inc	(_count + 1)
   0054                     460 00109$:
   0054 C3                  461 	clr	c
   0055 74 05               462 	mov	a,#0x05
   0057 95*05               463 	subb	a,_count
   0059 E4                  464 	clr	a
   005A 95*06               465 	subb	a,(_count + 1)
   005C 40 03               466 	jc	00110$
   005E 02s01r3A            467 	ljmp	00105$
   0061                     468 00110$:
                            469 ;	Z:\Pulpit\SW\lab10\10v3.c:53: portAnod= tablicaAnod[Licznik];
   0061 E5*00               470 	mov	a,_Licznik
   0063 90s00r00            471 	mov	dptr,#_tablicaAnod
   0066 93                  472 	movc	a,@a+dptr
   0067 F5 80               473 	mov	_P0,a
                            474 ;	Z:\Pulpit\SW\lab10\10v3.c:54: portSek=TablicaZnakow[Bufor[Licznik]];
   0069 E5*00               475 	mov	a,_Licznik
   006B 24r01               476 	add	a,#_Bufor
   006D F8                  477 	mov	r0,a
   006E E6                  478 	mov	a,@r0
   006F 90s00r04            479 	mov	dptr,#_TablicaZnakow
   0072 93                  480 	movc	a,@a+dptr
   0073 F5 A0               481 	mov	_P2,a
                            482 ;	Z:\Pulpit\SW\lab10\10v3.c:55: Licznik++;
   0075 05*00               483 	inc	_Licznik
                            484 ;	Z:\Pulpit\SW\lab10\10v3.c:57: Bufor[3]=(Liczba%10);
   0077 74 0A               485 	mov	a,#0x0A
   0079 C0 E0               486 	push	acc
   007B E4                  487 	clr	a
   007C C0 E0               488 	push	acc
   007E 85*07 82            489 	mov	dpl,_Liczba
   0081 85*08 83            490 	mov	dph,(_Liczba + 1)
   0084 75 D0 00            491 	mov	psw,#0x00
   0087 12s00r00            492 	lcall	__moduint
   008A 75 D0 08            493 	mov	psw,#0x08
   008D AA 82               494 	mov	r2,dpl
   008F 15 81               495 	dec	sp
   0091 15 81               496 	dec	sp
   0093 8A*04               497 	mov	(_Bufor + 0x0003),r2
                            498 ;	Z:\Pulpit\SW\lab10\10v3.c:58: Bufor[2]=(Liczba%100)/10;
   0095 74 64               499 	mov	a,#0x64
   0097 C0 E0               500 	push	acc
   0099 E4                  501 	clr	a
   009A C0 E0               502 	push	acc
   009C 85*07 82            503 	mov	dpl,_Liczba
   009F 85*08 83            504 	mov	dph,(_Liczba + 1)
   00A2 75 D0 00            505 	mov	psw,#0x00
   00A5 12s00r00            506 	lcall	__moduint
   00A8 75 D0 08            507 	mov	psw,#0x08
   00AB AA 82               508 	mov	r2,dpl
   00AD AB 83               509 	mov	r3,dph
   00AF 15 81               510 	dec	sp
   00B1 15 81               511 	dec	sp
   00B3 74 0A               512 	mov	a,#0x0A
   00B5 C0 E0               513 	push	acc
   00B7 E4                  514 	clr	a
   00B8 C0 E0               515 	push	acc
   00BA 8A 82               516 	mov	dpl,r2
   00BC 8B 83               517 	mov	dph,r3
   00BE 75 D0 00            518 	mov	psw,#0x00
   00C1 12s00r00            519 	lcall	__divuint
   00C4 75 D0 08            520 	mov	psw,#0x08
   00C7 AA 82               521 	mov	r2,dpl
   00C9 15 81               522 	dec	sp
   00CB 15 81               523 	dec	sp
   00CD 8A*03               524 	mov	(_Bufor + 0x0002),r2
                            525 ;	Z:\Pulpit\SW\lab10\10v3.c:59: Bufor[1]=(Liczba%1000)/100;
   00CF 74 E8               526 	mov	a,#0xE8
   00D1 C0 E0               527 	push	acc
   00D3 74 03               528 	mov	a,#0x03
   00D5 C0 E0               529 	push	acc
   00D7 85*07 82            530 	mov	dpl,_Liczba
   00DA 85*08 83            531 	mov	dph,(_Liczba + 1)
   00DD 75 D0 00            532 	mov	psw,#0x00
   00E0 12s00r00            533 	lcall	__moduint
   00E3 75 D0 08            534 	mov	psw,#0x08
   00E6 AA 82               535 	mov	r2,dpl
   00E8 AB 83               536 	mov	r3,dph
   00EA 15 81               537 	dec	sp
   00EC 15 81               538 	dec	sp
   00EE 74 64               539 	mov	a,#0x64
   00F0 C0 E0               540 	push	acc
   00F2 E4                  541 	clr	a
   00F3 C0 E0               542 	push	acc
   00F5 8A 82               543 	mov	dpl,r2
   00F7 8B 83               544 	mov	dph,r3
   00F9 75 D0 00            545 	mov	psw,#0x00
   00FC 12s00r00            546 	lcall	__divuint
   00FF 75 D0 08            547 	mov	psw,#0x08
   0102 AA 82               548 	mov	r2,dpl
   0104 15 81               549 	dec	sp
   0106 15 81               550 	dec	sp
   0108 8A*02               551 	mov	(_Bufor + 0x0001),r2
                            552 ;	Z:\Pulpit\SW\lab10\10v3.c:60: Bufor[0]=Liczba/1000;
   010A 74 E8               553 	mov	a,#0xE8
   010C C0 E0               554 	push	acc
   010E 74 03               555 	mov	a,#0x03
   0110 C0 E0               556 	push	acc
   0112 85*07 82            557 	mov	dpl,_Liczba
   0115 85*08 83            558 	mov	dph,(_Liczba + 1)
   0118 75 D0 00            559 	mov	psw,#0x00
   011B 12s00r00            560 	lcall	__divuint
   011E 75 D0 08            561 	mov	psw,#0x08
   0121 AA 82               562 	mov	r2,dpl
   0123 AB 83               563 	mov	r3,dph
   0125 15 81               564 	dec	sp
   0127 15 81               565 	dec	sp
   0129 8A*01               566 	mov	_Bufor,r2
                            567 ;	Z:\Pulpit\SW\lab10\10v3.c:62: if(Licznik >3)Licznik=0;
   012B 74 03               568 	mov	a,#0x03
   012D B5*00 00            569 	cjne	a,_Licznik,00111$
   0130                     570 00111$:
   0130 50 03               571 	jnc	00102$
   0132 75*00 00            572 	mov	_Licznik,#0x00
   0135                     573 00102$:
                            574 ;	Z:\Pulpit\SW\lab10\10v3.c:63: count=0;
   0135 E4                  575 	clr	a
   0136 F5*05               576 	mov	_count,a
   0138 F5*06               577 	mov	(_count + 1),a
   013A                     578 00105$:
   013A D0 D0               579 	pop	psw
   013C D0 01               580 	pop	(0+1)
   013E D0 00               581 	pop	(0+0)
   0140 D0 07               582 	pop	(0+7)
   0142 D0 06               583 	pop	(0+6)
   0144 D0 05               584 	pop	(0+5)
   0146 D0 04               585 	pop	(0+4)
   0148 D0 03               586 	pop	(0+3)
   014A D0 02               587 	pop	(0+2)
   014C D0 83               588 	pop	dph
   014E D0 82               589 	pop	dpl
   0150 D0 F0               590 	pop	b
   0152 D0 E0               591 	pop	acc
   0154 D0*00               592 	pop	bits
   0156 32                  593 	reti
                            594 ;------------------------------------------------------------
                            595 ;Allocation info for local variables in function 'timer1'
                            596 ;------------------------------------------------------------
                            597 ;------------------------------------------------------------
                            598 ;	Z:\Pulpit\SW\lab10\10v3.c:68: void timer1(void)__interrupt(3)__using(1)
                            599 ;	-----------------------------------------
                            600 ;	 function timer1
                            601 ;	-----------------------------------------
   0157                     602 _timer1:
   0157 C0*00               603 	push	bits
   0159 C0 E0               604 	push	acc
   015B C0 F0               605 	push	b
   015D C0 82               606 	push	dpl
   015F C0 83               607 	push	dph
   0161 C0 02               608 	push	(0+2)
   0163 C0 03               609 	push	(0+3)
   0165 C0 04               610 	push	(0+4)
   0167 C0 05               611 	push	(0+5)
   0169 C0 06               612 	push	(0+6)
   016B C0 07               613 	push	(0+7)
   016D C0 00               614 	push	(0+0)
   016F C0 01               615 	push	(0+1)
   0171 C0 D0               616 	push	psw
   0173 75 D0 08            617 	mov	psw,#0x08
                            618 ;	Z:\Pulpit\SW\lab10\10v3.c:70: TH1=czas2/256;
   0176 75 8D 00            619 	mov	_TH1,#0x00
                            620 ;	Z:\Pulpit\SW\lab10\10v3.c:71: TL1=czas2%256;
   0179 75 8B 4C            621 	mov	_TL1,#0x4C
                            622 ;	Z:\Pulpit\SW\lab10\10v3.c:72: if((++Licznik2)%10==1)
   017C 05*09               623 	inc	_Licznik2
   017E E4                  624 	clr	a
   017F B5*09 02            625 	cjne	a,_Licznik2,00106$
   0182 05*0A               626 	inc	(_Licznik2 + 1)
   0184                     627 00106$:
   0184 74 0A               628 	mov	a,#0x0A
   0186 C0 E0               629 	push	acc
   0188 E4                  630 	clr	a
   0189 C0 E0               631 	push	acc
   018B 85*09 82            632 	mov	dpl,_Licznik2
   018E 85*0A 83            633 	mov	dph,(_Licznik2 + 1)
   0191 75 D0 00            634 	mov	psw,#0x00
   0194 12s00r00            635 	lcall	__moduint
   0197 75 D0 08            636 	mov	psw,#0x08
   019A AA 82               637 	mov	r2,dpl
   019C AB 83               638 	mov	r3,dph
   019E 15 81               639 	dec	sp
   01A0 15 81               640 	dec	sp
   01A2 BA 01 0B            641 	cjne	r2,#0x01,00103$
   01A5 BB 00 08            642 	cjne	r3,#0x00,00103$
                            643 ;	Z:\Pulpit\SW\lab10\10v3.c:74: Liczba++;
   01A8 05*07               644 	inc	_Liczba
   01AA E4                  645 	clr	a
   01AB B5*07 02            646 	cjne	a,_Liczba,00109$
   01AE 05*08               647 	inc	(_Liczba + 1)
   01B0                     648 00109$:
   01B0                     649 00103$:
   01B0 D0 D0               650 	pop	psw
   01B2 D0 01               651 	pop	(0+1)
   01B4 D0 00               652 	pop	(0+0)
   01B6 D0 07               653 	pop	(0+7)
   01B8 D0 06               654 	pop	(0+6)
   01BA D0 05               655 	pop	(0+5)
   01BC D0 04               656 	pop	(0+4)
   01BE D0 03               657 	pop	(0+3)
   01C0 D0 02               658 	pop	(0+2)
   01C2 D0 83               659 	pop	dph
   01C4 D0 82               660 	pop	dpl
   01C6 D0 F0               661 	pop	b
   01C8 D0 E0               662 	pop	acc
   01CA D0*00               663 	pop	bits
   01CC 32                  664 	reti
                            665 	.area CSEG    (CODE)
                            666 	.area CONST   (CODE)
   0000                     667 _tablicaAnod:
   0000 0E                  668 	.db #0x0E	; 14
   0001 0D                  669 	.db #0x0D	; 13
   0002 0B                  670 	.db #0x0B	; 11
   0003 07                  671 	.db #0x07	; 7
   0004                     672 _TablicaZnakow:
   0004 03                  673 	.db #0x03	; 3
   0005 9F                  674 	.db #0x9F	; 159
   0006 25                  675 	.db #0x25	; 37
   0007 0D                  676 	.db #0x0D	; 13
   0008 99                  677 	.db #0x99	; 153
   0009 49                  678 	.db #0x49	; 73	I
   000A 41                  679 	.db #0x41	; 65	A
   000B 1F                  680 	.db #0x1F	; 31
   000C 01                  681 	.db #0x01	; 1
   000D 09                  682 	.db #0x09	; 9
   000E FF                  683 	.db #0xFF	; 255
                            684 	.area XINIT   (CODE)
                            685 	.area CABS    (ABS,CODE)
